2020-12-22 03:32:04.945  INFO 6967 --- [restartedMain] c.l.libraryapi.LibraryApiApplication     : Starting LibraryApiApplication using Java 11.0.9 on TiagoAlmeida with PID 6967 (/mnt/d/2020/java/library-api/target/classes started by pc_tiago in /mnt/d/2020/java/library-api)
2020-12-22 03:32:04.952  INFO 6967 --- [restartedMain] c.l.libraryapi.LibraryApiApplication     : No active profile set, falling back to default profiles: default
2020-12-22 03:32:05.070  INFO 6967 --- [restartedMain] .e.DevToolsPropertyDefaultsPostProcessor : Devtools property defaults active! Set 'spring.devtools.add-properties' to 'false' to disable
2020-12-22 03:32:05.070  INFO 6967 --- [restartedMain] .e.DevToolsPropertyDefaultsPostProcessor : For additional web related logging consider setting the 'logging.level.web' property to 'DEBUG'
2020-12-22 03:32:07.642  INFO 6967 --- [restartedMain] .s.d.r.c.RepositoryConfigurationDelegate : Bootstrapping Spring Data JPA repositories in DEFERRED mode.
2020-12-22 03:32:07.738  INFO 6967 --- [restartedMain] .s.d.r.c.RepositoryConfigurationDelegate : Finished Spring Data repository scanning in 77 ms. Found 2 JPA repository interfaces.
2020-12-22 03:32:08.843  INFO 6967 --- [restartedMain] o.s.b.w.embedded.tomcat.TomcatWebServer  : Tomcat initialized with port(s): 8080 (http)
2020-12-22 03:32:08.862  INFO 6967 --- [restartedMain] o.apache.catalina.core.StandardService   : Starting service [Tomcat]
2020-12-22 03:32:08.863  INFO 6967 --- [restartedMain] org.apache.catalina.core.StandardEngine  : Starting Servlet engine: [Apache Tomcat/9.0.39]
2020-12-22 03:32:09.028  INFO 6967 --- [restartedMain] o.a.c.c.C.[Tomcat].[localhost].[/]       : Initializing Spring embedded WebApplicationContext
2020-12-22 03:32:09.028  INFO 6967 --- [restartedMain] w.s.c.ServletWebServerApplicationContext : Root WebApplicationContext: initialization completed in 3956 ms
2020-12-22 03:32:09.324  INFO 6967 --- [restartedMain] com.zaxxer.hikari.HikariDataSource       : HikariPool-1 - Starting...
2020-12-22 03:32:09.740  INFO 6967 --- [restartedMain] com.zaxxer.hikari.HikariDataSource       : HikariPool-1 - Start completed.
2020-12-22 03:32:09.754  INFO 6967 --- [restartedMain] o.s.b.a.h2.H2ConsoleAutoConfiguration    : H2 console available at '/h2-console'. Database available at 'jdbc:h2:mem:e2a56f51-8c59-4b5a-9805-45e4ca876db7'
2020-12-22 03:32:10.002  INFO 6967 --- [restartedMain] o.s.s.concurrent.ThreadPoolTaskExecutor  : Initializing ExecutorService 'applicationTaskExecutor'
2020-12-22 03:32:10.021  INFO 6967 --- [restartedMain] o.s.s.c.ThreadPoolTaskScheduler          : Initializing ExecutorService 'taskScheduler'
2020-12-22 03:32:10.114  INFO 6967 --- [task-1] o.hibernate.jpa.internal.util.LogHelper  : HHH000204: Processing PersistenceUnitInfo [name: default]
2020-12-22 03:32:10.267  INFO 6967 --- [task-1] org.hibernate.Version                    : HHH000412: Hibernate ORM core version 5.4.23.Final
2020-12-22 03:32:10.670  INFO 6967 --- [task-1] o.hibernate.annotations.common.Version   : HCANN000001: Hibernate Commons Annotations {5.1.2.Final}
2020-12-22 03:32:10.932  INFO 6967 --- [task-1] org.hibernate.dialect.Dialect            : HHH000400: Using dialect: org.hibernate.dialect.H2Dialect
2020-12-22 03:32:10.939  WARN 6967 --- [restartedMain] JpaBaseConfiguration$JpaWebConfiguration : spring.jpa.open-in-view is enabled by default. Therefore, database queries may be performed during view rendering. Explicitly configure spring.jpa.open-in-view to disable this warning
2020-12-22 03:32:11.536  INFO 6967 --- [restartedMain] o.s.b.a.e.web.EndpointLinksResolver      : Exposing 14 endpoint(s) beneath base path '/actuator'
2020-12-22 03:32:11.961  INFO 6967 --- [restartedMain] o.s.b.d.a.OptionalLiveReloadServer       : LiveReload server is running on port 35729
2020-12-22 03:32:12.636  INFO 6967 --- [task-1] o.h.e.t.j.p.i.JtaPlatformInitiator       : HHH000490: Using JtaPlatform implementation: [org.hibernate.engine.transaction.jta.platform.internal.NoJtaPlatform]
2020-12-22 03:32:12.650  INFO 6967 --- [task-1] j.LocalContainerEntityManagerFactoryBean : Initialized JPA EntityManagerFactory for persistence unit 'default'
2020-12-22 03:32:12.696  INFO 6967 --- [restartedMain] o.s.b.w.embedded.tomcat.TomcatWebServer  : Tomcat started on port(s): 8080 (http) with context path ''
2020-12-22 03:32:13.331  INFO 6967 --- [restartedMain] DeferredRepositoryInitializationListener : Triggering deferred initialization of Spring Data repositories…
2020-12-22 03:32:14.099  INFO 6967 --- [restartedMain] DeferredRepositoryInitializationListener : Spring Data repositories initialized!
2020-12-22 03:32:14.129  INFO 6967 --- [restartedMain] c.l.libraryapi.LibraryApiApplication     : Started LibraryApiApplication in 9.906 seconds (JVM running for 10.676)
2020-12-22 03:32:22.162  INFO 6967 --- [http-nio-8080-exec-1] o.a.c.c.C.[Tomcat].[localhost].[/]       : Initializing Spring DispatcherServlet 'dispatcherServlet'
2020-12-22 03:32:22.163  INFO 6967 --- [http-nio-8080-exec-1] o.s.web.servlet.DispatcherServlet        : Initializing Servlet 'dispatcherServlet'
2020-12-22 03:32:22.168  INFO 6967 --- [http-nio-8080-exec-1] o.s.web.servlet.DispatcherServlet        : Completed initialization in 5 ms
2020-12-22 03:33:47.910  INFO 6967 --- [SpringContextShutdownHook] j.LocalContainerEntityManagerFactoryBean : Closing JPA EntityManagerFactory for persistence unit 'default'
2020-12-22 03:33:47.916  INFO 6967 --- [SpringContextShutdownHook] .SchemaDropperImpl$DelayedDropActionImpl : HHH000477: Starting delayed evictData of schema as part of SessionFactory shut-down'
2020-12-22 03:33:47.929  INFO 6967 --- [SpringContextShutdownHook] o.s.s.c.ThreadPoolTaskScheduler          : Shutting down ExecutorService 'taskScheduler'
2020-12-22 03:33:47.930  INFO 6967 --- [SpringContextShutdownHook] o.s.s.concurrent.ThreadPoolTaskExecutor  : Shutting down ExecutorService 'applicationTaskExecutor'
2020-12-22 03:33:48.155  WARN 6967 --- [SpringContextShutdownHook] o.s.b.f.support.DisposableBeanAdapter    : Invocation of destroy method failed on bean with name 'inMemoryDatabaseShutdownExecutor': org.h2.jdbc.JdbcSQLNonTransientConnectionException: Database is already closed (to disable automatic closing at VM shutdown, add ";DB_CLOSE_ON_EXIT=FALSE" to the db URL) [90121-200]
2020-12-22 03:33:48.159  INFO 6967 --- [SpringContextShutdownHook] com.zaxxer.hikari.HikariDataSource       : HikariPool-1 - Shutdown initiated...
2020-12-22 03:33:48.180  INFO 6967 --- [SpringContextShutdownHook] com.zaxxer.hikari.HikariDataSource       : HikariPool-1 - Shutdown completed.
2020-12-22 03:34:33.119  INFO 7316 --- [restartedMain] c.l.libraryapi.LibraryApiApplication     : Starting LibraryApiApplication using Java 11.0.9 on TiagoAlmeida with PID 7316 (/mnt/d/2020/java/library-api/target/classes started by pc_tiago in /mnt/d/2020/java/library-api)
2020-12-22 03:34:33.125  INFO 7316 --- [restartedMain] c.l.libraryapi.LibraryApiApplication     : No active profile set, falling back to default profiles: default
2020-12-22 03:34:33.231  INFO 7316 --- [restartedMain] .e.DevToolsPropertyDefaultsPostProcessor : Devtools property defaults active! Set 'spring.devtools.add-properties' to 'false' to disable
2020-12-22 03:34:33.231  INFO 7316 --- [restartedMain] .e.DevToolsPropertyDefaultsPostProcessor : For additional web related logging consider setting the 'logging.level.web' property to 'DEBUG'
2020-12-22 03:34:36.277  INFO 7316 --- [restartedMain] .s.d.r.c.RepositoryConfigurationDelegate : Bootstrapping Spring Data JPA repositories in DEFERRED mode.
2020-12-22 03:34:36.792  INFO 7316 --- [restartedMain] .s.d.r.c.RepositoryConfigurationDelegate : Finished Spring Data repository scanning in 492 ms. Found 2 JPA repository interfaces.
2020-12-22 03:34:37.979  INFO 7316 --- [restartedMain] o.s.b.w.embedded.tomcat.TomcatWebServer  : Tomcat initialized with port(s): 8080 (http)
2020-12-22 03:34:37.993  INFO 7316 --- [restartedMain] o.apache.catalina.core.StandardService   : Starting service [Tomcat]
2020-12-22 03:34:37.994  INFO 7316 --- [restartedMain] org.apache.catalina.core.StandardEngine  : Starting Servlet engine: [Apache Tomcat/9.0.39]
2020-12-22 03:34:38.206  INFO 7316 --- [restartedMain] o.a.c.c.C.[Tomcat].[localhost].[/]       : Initializing Spring embedded WebApplicationContext
2020-12-22 03:34:38.207  INFO 7316 --- [restartedMain] w.s.c.ServletWebServerApplicationContext : Root WebApplicationContext: initialization completed in 4974 ms
2020-12-22 03:34:38.443  INFO 7316 --- [restartedMain] com.zaxxer.hikari.HikariDataSource       : HikariPool-1 - Starting...
2020-12-22 03:34:38.800  INFO 7316 --- [restartedMain] com.zaxxer.hikari.HikariDataSource       : HikariPool-1 - Start completed.
2020-12-22 03:34:38.813  INFO 7316 --- [restartedMain] o.s.b.a.h2.H2ConsoleAutoConfiguration    : H2 console available at '/h2-console'. Database available at 'jdbc:h2:mem:a2b195ae-1c84-4eb6-9667-fc64e4778a89'
2020-12-22 03:34:39.065  INFO 7316 --- [restartedMain] o.s.s.concurrent.ThreadPoolTaskExecutor  : Initializing ExecutorService 'applicationTaskExecutor'
2020-12-22 03:34:39.093  INFO 7316 --- [restartedMain] o.s.s.c.ThreadPoolTaskScheduler          : Initializing ExecutorService 'taskScheduler'
2020-12-22 03:34:39.197  INFO 7316 --- [task-1] o.hibernate.jpa.internal.util.LogHelper  : HHH000204: Processing PersistenceUnitInfo [name: default]
2020-12-22 03:34:39.293  INFO 7316 --- [task-1] org.hibernate.Version                    : HHH000412: Hibernate ORM core version 5.4.23.Final
2020-12-22 03:34:39.562  INFO 7316 --- [task-1] o.hibernate.annotations.common.Version   : HCANN000001: Hibernate Commons Annotations {5.1.2.Final}
2020-12-22 03:34:39.914  INFO 7316 --- [task-1] org.hibernate.dialect.Dialect            : HHH000400: Using dialect: org.hibernate.dialect.H2Dialect
2020-12-22 03:34:39.979  WARN 7316 --- [restartedMain] JpaBaseConfiguration$JpaWebConfiguration : spring.jpa.open-in-view is enabled by default. Therefore, database queries may be performed during view rendering. Explicitly configure spring.jpa.open-in-view to disable this warning
2020-12-22 03:34:40.509  INFO 7316 --- [restartedMain] o.s.b.a.e.web.EndpointLinksResolver      : Exposing 14 endpoint(s) beneath base path '/actuator'
2020-12-22 03:34:40.961  INFO 7316 --- [restartedMain] o.s.b.d.a.OptionalLiveReloadServer       : LiveReload server is running on port 35729
2020-12-22 03:34:41.662  INFO 7316 --- [task-1] o.h.e.t.j.p.i.JtaPlatformInitiator       : HHH000490: Using JtaPlatform implementation: [org.hibernate.engine.transaction.jta.platform.internal.NoJtaPlatform]
2020-12-22 03:34:41.680  INFO 7316 --- [task-1] j.LocalContainerEntityManagerFactoryBean : Initialized JPA EntityManagerFactory for persistence unit 'default'
2020-12-22 03:34:41.729  INFO 7316 --- [restartedMain] o.s.b.w.embedded.tomcat.TomcatWebServer  : Tomcat started on port(s): 8080 (http) with context path ''
2020-12-22 03:34:42.348  INFO 7316 --- [restartedMain] DeferredRepositoryInitializationListener : Triggering deferred initialization of Spring Data repositories…
2020-12-22 03:34:43.174  INFO 7316 --- [restartedMain] DeferredRepositoryInitializationListener : Spring Data repositories initialized!
2020-12-22 03:34:43.202  INFO 7316 --- [restartedMain] c.l.libraryapi.LibraryApiApplication     : Started LibraryApiApplication in 10.841 seconds (JVM running for 11.858)
2020-12-22 03:34:44.374  INFO 7316 --- [http-nio-8080-exec-1] o.a.c.c.C.[Tomcat].[localhost].[/]       : Initializing Spring DispatcherServlet 'dispatcherServlet'
2020-12-22 03:34:44.375  INFO 7316 --- [http-nio-8080-exec-1] o.s.web.servlet.DispatcherServlet        : Initializing Servlet 'dispatcherServlet'
2020-12-22 03:34:44.378  INFO 7316 --- [http-nio-8080-exec-1] o.s.web.servlet.DispatcherServlet        : Completed initialization in 3 ms
2020-12-22 03:35:19.337  INFO 7316 --- [SpringContextShutdownHook] j.LocalContainerEntityManagerFactoryBean : Closing JPA EntityManagerFactory for persistence unit 'default'
2020-12-22 03:35:19.339  INFO 7316 --- [SpringContextShutdownHook] .SchemaDropperImpl$DelayedDropActionImpl : HHH000477: Starting delayed evictData of schema as part of SessionFactory shut-down'
2020-12-22 03:35:19.348  INFO 7316 --- [SpringContextShutdownHook] o.s.s.c.ThreadPoolTaskScheduler          : Shutting down ExecutorService 'taskScheduler'
2020-12-22 03:35:19.349  INFO 7316 --- [SpringContextShutdownHook] o.s.s.concurrent.ThreadPoolTaskExecutor  : Shutting down ExecutorService 'applicationTaskExecutor'
2020-12-22 03:35:19.585  WARN 7316 --- [SpringContextShutdownHook] o.s.b.f.support.DisposableBeanAdapter    : Invocation of destroy method failed on bean with name 'inMemoryDatabaseShutdownExecutor': org.h2.jdbc.JdbcSQLNonTransientConnectionException: Database is already closed (to disable automatic closing at VM shutdown, add ";DB_CLOSE_ON_EXIT=FALSE" to the db URL) [90121-200]
2020-12-22 03:35:19.593  INFO 7316 --- [SpringContextShutdownHook] com.zaxxer.hikari.HikariDataSource       : HikariPool-1 - Shutdown initiated...
2020-12-22 03:35:19.614  INFO 7316 --- [SpringContextShutdownHook] com.zaxxer.hikari.HikariDataSource       : HikariPool-1 - Shutdown completed.
2020-12-22 12:53:48.008  INFO 870 --- [restartedMain] c.l.libraryapi.LibraryApiApplication     : Starting LibraryApiApplication using Java 11.0.9 on TiagoAlmeida with PID 870 (/mnt/d/2020/java/library-api/target/classes started by pc_tiago in /mnt/d/2020/java/library-api)
2020-12-22 12:53:48.017  INFO 870 --- [restartedMain] c.l.libraryapi.LibraryApiApplication     : No active profile set, falling back to default profiles: default
2020-12-22 12:53:48.149  INFO 870 --- [restartedMain] .e.DevToolsPropertyDefaultsPostProcessor : Devtools property defaults active! Set 'spring.devtools.add-properties' to 'false' to disable
2020-12-22 12:53:48.149  INFO 870 --- [restartedMain] .e.DevToolsPropertyDefaultsPostProcessor : For additional web related logging consider setting the 'logging.level.web' property to 'DEBUG'
2020-12-22 12:53:50.547  INFO 870 --- [restartedMain] .s.d.r.c.RepositoryConfigurationDelegate : Bootstrapping Spring Data JPA repositories in DEFERRED mode.
2020-12-22 12:53:50.670  INFO 870 --- [restartedMain] .s.d.r.c.RepositoryConfigurationDelegate : Finished Spring Data repository scanning in 109 ms. Found 2 JPA repository interfaces.
2020-12-22 12:53:51.713  INFO 870 --- [restartedMain] o.s.b.w.embedded.tomcat.TomcatWebServer  : Tomcat initialized with port(s): 8080 (http)
2020-12-22 12:53:51.729  INFO 870 --- [restartedMain] o.apache.catalina.core.StandardService   : Starting service [Tomcat]
2020-12-22 12:53:51.730  INFO 870 --- [restartedMain] org.apache.catalina.core.StandardEngine  : Starting Servlet engine: [Apache Tomcat/9.0.39]
2020-12-22 12:53:51.898  INFO 870 --- [restartedMain] o.a.c.c.C.[Tomcat].[localhost].[/]       : Initializing Spring embedded WebApplicationContext
2020-12-22 12:53:51.899  INFO 870 --- [restartedMain] w.s.c.ServletWebServerApplicationContext : Root WebApplicationContext: initialization completed in 3749 ms
2020-12-22 12:53:52.214  INFO 870 --- [restartedMain] com.zaxxer.hikari.HikariDataSource       : HikariPool-1 - Starting...
2020-12-22 12:53:52.560  INFO 870 --- [restartedMain] com.zaxxer.hikari.HikariDataSource       : HikariPool-1 - Start completed.
2020-12-22 12:53:52.571  INFO 870 --- [restartedMain] o.s.b.a.h2.H2ConsoleAutoConfiguration    : H2 console available at '/h2-console'. Database available at 'jdbc:h2:mem:d28d050a-e55c-4275-9c1f-56b624890532'
2020-12-22 12:53:52.841  INFO 870 --- [restartedMain] o.s.s.concurrent.ThreadPoolTaskExecutor  : Initializing ExecutorService 'applicationTaskExecutor'
2020-12-22 12:53:52.864  INFO 870 --- [restartedMain] o.s.s.c.ThreadPoolTaskScheduler          : Initializing ExecutorService 'taskScheduler'
2020-12-22 12:53:52.977  INFO 870 --- [task-1] o.hibernate.jpa.internal.util.LogHelper  : HHH000204: Processing PersistenceUnitInfo [name: default]
2020-12-22 12:53:53.136  INFO 870 --- [task-1] org.hibernate.Version                    : HHH000412: Hibernate ORM core version 5.4.23.Final
2020-12-22 12:53:53.453  INFO 870 --- [task-1] o.hibernate.annotations.common.Version   : HCANN000001: Hibernate Commons Annotations {5.1.2.Final}
2020-12-22 12:53:53.798  INFO 870 --- [task-1] org.hibernate.dialect.Dialect            : HHH000400: Using dialect: org.hibernate.dialect.H2Dialect
2020-12-22 12:53:53.826  WARN 870 --- [restartedMain] JpaBaseConfiguration$JpaWebConfiguration : spring.jpa.open-in-view is enabled by default. Therefore, database queries may be performed during view rendering. Explicitly configure spring.jpa.open-in-view to disable this warning
2020-12-22 12:53:54.440  INFO 870 --- [restartedMain] o.s.b.a.e.web.EndpointLinksResolver      : Exposing 14 endpoint(s) beneath base path '/actuator'
2020-12-22 12:53:54.931  INFO 870 --- [restartedMain] o.s.b.d.a.OptionalLiveReloadServer       : LiveReload server is running on port 35729
2020-12-22 12:53:55.601  INFO 870 --- [task-1] o.h.e.t.j.p.i.JtaPlatformInitiator       : HHH000490: Using JtaPlatform implementation: [org.hibernate.engine.transaction.jta.platform.internal.NoJtaPlatform]
2020-12-22 12:53:55.623  INFO 870 --- [task-1] j.LocalContainerEntityManagerFactoryBean : Initialized JPA EntityManagerFactory for persistence unit 'default'
2020-12-22 12:53:55.688  INFO 870 --- [restartedMain] o.s.b.w.embedded.tomcat.TomcatWebServer  : Tomcat started on port(s): 8080 (http) with context path ''
2020-12-22 12:53:56.247  INFO 870 --- [restartedMain] DeferredRepositoryInitializationListener : Triggering deferred initialization of Spring Data repositories…
2020-12-22 12:53:56.911  INFO 870 --- [restartedMain] DeferredRepositoryInitializationListener : Spring Data repositories initialized!
2020-12-22 12:53:56.937  INFO 870 --- [restartedMain] c.l.libraryapi.LibraryApiApplication     : Started LibraryApiApplication in 9.6 seconds (JVM running for 10.816)
2020-12-22 12:54:10.349  INFO 870 --- [http-nio-8080-exec-1] o.a.c.c.C.[Tomcat].[localhost].[/]       : Initializing Spring DispatcherServlet 'dispatcherServlet'
2020-12-22 12:54:10.350  INFO 870 --- [http-nio-8080-exec-1] o.s.web.servlet.DispatcherServlet        : Initializing Servlet 'dispatcherServlet'
2020-12-22 12:54:10.354  INFO 870 --- [http-nio-8080-exec-1] o.s.web.servlet.DispatcherServlet        : Completed initialization in 4 ms
2020-12-22 12:55:06.829  INFO 870 --- [Thread-4] j.LocalContainerEntityManagerFactoryBean : Closing JPA EntityManagerFactory for persistence unit 'default'
2020-12-22 12:55:06.831  INFO 870 --- [Thread-4] .SchemaDropperImpl$DelayedDropActionImpl : HHH000477: Starting delayed evictData of schema as part of SessionFactory shut-down'
2020-12-22 12:55:06.989  INFO 870 --- [Thread-4] o.s.s.c.ThreadPoolTaskScheduler          : Shutting down ExecutorService 'taskScheduler'
2020-12-22 12:55:06.990  INFO 870 --- [Thread-4] o.s.s.concurrent.ThreadPoolTaskExecutor  : Shutting down ExecutorService 'applicationTaskExecutor'
2020-12-22 12:55:07.227  WARN 870 --- [Thread-4] o.s.b.f.support.DisposableBeanAdapter    : Invocation of destroy method failed on bean with name 'inMemoryDatabaseShutdownExecutor': org.h2.jdbc.JdbcSQLNonTransientConnectionException: Database is already closed (to disable automatic closing at VM shutdown, add ";DB_CLOSE_ON_EXIT=FALSE" to the db URL) [90121-200]
2020-12-22 12:55:07.228  INFO 870 --- [Thread-4] com.zaxxer.hikari.HikariDataSource       : HikariPool-1 - Shutdown initiated...
2020-12-22 12:55:07.346  INFO 870 --- [Thread-4] com.zaxxer.hikari.HikariDataSource       : HikariPool-1 - Shutdown completed.
2020-12-22 12:55:07.874  INFO 870 --- [restartedMain] c.l.libraryapi.LibraryApiApplication     : Starting LibraryApiApplication using Java 11.0.9 on TiagoAlmeida with PID 870 (/mnt/d/2020/java/library-api/target/classes started by pc_tiago in /mnt/d/2020/java/library-api)
2020-12-22 12:55:07.876  INFO 870 --- [restartedMain] c.l.libraryapi.LibraryApiApplication     : No active profile set, falling back to default profiles: default
2020-12-22 12:55:09.130  INFO 870 --- [restartedMain] .s.d.r.c.RepositoryConfigurationDelegate : Bootstrapping Spring Data JPA repositories in DEFERRED mode.
2020-12-22 12:55:09.150  INFO 870 --- [restartedMain] .s.d.r.c.RepositoryConfigurationDelegate : Finished Spring Data repository scanning in 2 ms. Found 0 JPA repository interfaces.
2020-12-22 12:55:10.092  INFO 870 --- [restartedMain] o.s.b.w.embedded.tomcat.TomcatWebServer  : Tomcat initialized with port(s): 8080 (http)
2020-12-22 12:55:10.095  INFO 870 --- [restartedMain] o.apache.catalina.core.StandardService   : Starting service [Tomcat]
2020-12-22 12:55:10.097  INFO 870 --- [restartedMain] org.apache.catalina.core.StandardEngine  : Starting Servlet engine: [Apache Tomcat/9.0.39]
2020-12-22 12:55:10.128  INFO 870 --- [restartedMain] o.a.c.c.C.[Tomcat].[localhost].[/]       : Initializing Spring embedded WebApplicationContext
2020-12-22 12:55:10.128  INFO 870 --- [restartedMain] w.s.c.ServletWebServerApplicationContext : Root WebApplicationContext: initialization completed in 2248 ms
2020-12-22 12:55:10.206  INFO 870 --- [restartedMain] com.zaxxer.hikari.HikariDataSource       : HikariPool-2 - Starting...
2020-12-22 12:55:10.246  INFO 870 --- [restartedMain] com.zaxxer.hikari.HikariDataSource       : HikariPool-2 - Start completed.
2020-12-22 12:55:10.246  INFO 870 --- [restartedMain] o.s.b.a.h2.H2ConsoleAutoConfiguration    : H2 console available at '/h2-console'. Database available at 'jdbc:h2:mem:23115d23-9dba-459f-ace1-748ec5f1de30'
2020-12-22 12:55:10.403  INFO 870 --- [restartedMain] o.s.s.concurrent.ThreadPoolTaskExecutor  : Initializing ExecutorService 'applicationTaskExecutor'
2020-12-22 12:55:10.408  INFO 870 --- [restartedMain] o.s.s.c.ThreadPoolTaskScheduler          : Initializing ExecutorService 'taskScheduler'
2020-12-22 12:55:10.578  WARN 870 --- [restartedMain] JpaBaseConfiguration$JpaWebConfiguration : spring.jpa.open-in-view is enabled by default. Therefore, database queries may be performed during view rendering. Explicitly configure spring.jpa.open-in-view to disable this warning
2020-12-22 12:55:10.461  INFO 870 --- [task-1] o.hibernate.jpa.internal.util.LogHelper  : HHH000204: Processing PersistenceUnitInfo [name: default]
2020-12-22 12:55:10.888  INFO 870 --- [task-1] org.hibernate.dialect.Dialect            : HHH000400: Using dialect: org.hibernate.dialect.H2Dialect
2020-12-22 12:55:10.977  INFO 870 --- [task-1] o.h.e.t.j.p.i.JtaPlatformInitiator       : HHH000490: Using JtaPlatform implementation: [org.hibernate.engine.transaction.jta.platform.internal.NoJtaPlatform]
2020-12-22 12:55:11.016  INFO 870 --- [task-1] j.LocalContainerEntityManagerFactoryBean : Initialized JPA EntityManagerFactory for persistence unit 'default'
2020-12-22 12:55:11.301  INFO 870 --- [restartedMain] o.s.b.d.a.OptionalLiveReloadServer       : LiveReload server is running on port 35729
2020-12-22 12:55:11.306  INFO 870 --- [restartedMain] o.s.b.a.e.web.EndpointLinksResolver      : Exposing 14 endpoint(s) beneath base path '/actuator'
2020-12-22 12:55:11.426  INFO 870 --- [restartedMain] o.s.b.w.embedded.tomcat.TomcatWebServer  : Tomcat started on port(s): 8080 (http) with context path ''
2020-12-22 12:55:11.428  INFO 870 --- [restartedMain] DeferredRepositoryInitializationListener : Triggering deferred initialization of Spring Data repositories…
2020-12-22 12:55:11.428  INFO 870 --- [restartedMain] DeferredRepositoryInitializationListener : Spring Data repositories initialized!
2020-12-22 12:55:11.446  INFO 870 --- [restartedMain] c.l.libraryapi.LibraryApiApplication     : Started LibraryApiApplication in 3.744 seconds (JVM running for 85.325)
2020-12-22 12:55:11.452  INFO 870 --- [restartedMain] .ConditionEvaluationDeltaLoggingListener : Condition evaluation unchanged
2020-12-22 12:55:12.882  INFO 870 --- [Thread-8] j.LocalContainerEntityManagerFactoryBean : Closing JPA EntityManagerFactory for persistence unit 'default'
2020-12-22 12:55:12.883  INFO 870 --- [Thread-8] .SchemaDropperImpl$DelayedDropActionImpl : HHH000477: Starting delayed evictData of schema as part of SessionFactory shut-down'
2020-12-22 12:55:12.891  INFO 870 --- [Thread-8] o.s.s.c.ThreadPoolTaskScheduler          : Shutting down ExecutorService 'taskScheduler'
2020-12-22 12:55:12.892  INFO 870 --- [Thread-8] o.s.s.concurrent.ThreadPoolTaskExecutor  : Shutting down ExecutorService 'applicationTaskExecutor'
2020-12-22 12:55:13.110  WARN 870 --- [Thread-8] o.s.b.f.support.DisposableBeanAdapter    : Invocation of destroy method failed on bean with name 'inMemoryDatabaseShutdownExecutor': org.h2.jdbc.JdbcSQLNonTransientConnectionException: Database is already closed (to disable automatic closing at VM shutdown, add ";DB_CLOSE_ON_EXIT=FALSE" to the db URL) [90121-200]
2020-12-22 12:55:13.110  INFO 870 --- [Thread-8] com.zaxxer.hikari.HikariDataSource       : HikariPool-2 - Shutdown initiated...
2020-12-22 12:55:13.116  INFO 870 --- [Thread-8] com.zaxxer.hikari.HikariDataSource       : HikariPool-2 - Shutdown completed.
2020-12-22 12:55:13.283  INFO 870 --- [restartedMain] c.l.libraryapi.LibraryApiApplication     : Starting LibraryApiApplication using Java 11.0.9 on TiagoAlmeida with PID 870 (/mnt/d/2020/java/library-api/target/classes started by pc_tiago in /mnt/d/2020/java/library-api)
2020-12-22 12:55:13.284  INFO 870 --- [restartedMain] c.l.libraryapi.LibraryApiApplication     : No active profile set, falling back to default profiles: default
2020-12-22 12:55:13.950  INFO 870 --- [restartedMain] .s.d.r.c.RepositoryConfigurationDelegate : Bootstrapping Spring Data JPA repositories in DEFERRED mode.
2020-12-22 12:55:13.952  INFO 870 --- [restartedMain] .s.d.r.c.RepositoryConfigurationDelegate : Finished Spring Data repository scanning in 1 ms. Found 0 JPA repository interfaces.
2020-12-22 12:55:14.130  INFO 870 --- [restartedMain] o.s.b.w.embedded.tomcat.TomcatWebServer  : Tomcat initialized with port(s): 8080 (http)
2020-12-22 12:55:14.131  INFO 870 --- [restartedMain] o.apache.catalina.core.StandardService   : Starting service [Tomcat]
2020-12-22 12:55:14.132  INFO 870 --- [restartedMain] org.apache.catalina.core.StandardEngine  : Starting Servlet engine: [Apache Tomcat/9.0.39]
2020-12-22 12:55:14.169  INFO 870 --- [restartedMain] o.a.c.c.C.[Tomcat].[localhost].[/]       : Initializing Spring embedded WebApplicationContext
2020-12-22 12:55:14.169  INFO 870 --- [restartedMain] w.s.c.ServletWebServerApplicationContext : Root WebApplicationContext: initialization completed in 879 ms
2020-12-22 12:55:14.229  INFO 870 --- [restartedMain] com.zaxxer.hikari.HikariDataSource       : HikariPool-3 - Starting...
2020-12-22 12:55:14.237  INFO 870 --- [restartedMain] com.zaxxer.hikari.HikariDataSource       : HikariPool-3 - Start completed.
2020-12-22 12:55:14.237  INFO 870 --- [restartedMain] o.s.b.a.h2.H2ConsoleAutoConfiguration    : H2 console available at '/h2-console'. Database available at 'jdbc:h2:mem:c983c217-2d6e-4280-a540-c9985e72f3a4'
2020-12-22 12:55:14.313  INFO 870 --- [restartedMain] o.s.s.concurrent.ThreadPoolTaskExecutor  : Initializing ExecutorService 'applicationTaskExecutor'
2020-12-22 12:55:14.321  INFO 870 --- [restartedMain] o.s.s.c.ThreadPoolTaskScheduler          : Initializing ExecutorService 'taskScheduler'
2020-12-22 12:55:14.473  WARN 870 --- [restartedMain] JpaBaseConfiguration$JpaWebConfiguration : spring.jpa.open-in-view is enabled by default. Therefore, database queries may be performed during view rendering. Explicitly configure spring.jpa.open-in-view to disable this warning
2020-12-22 12:55:14.455  INFO 870 --- [task-1] o.hibernate.jpa.internal.util.LogHelper  : HHH000204: Processing PersistenceUnitInfo [name: default]
2020-12-22 12:55:14.547  INFO 870 --- [task-1] org.hibernate.dialect.Dialect            : HHH000400: Using dialect: org.hibernate.dialect.H2Dialect
2020-12-22 12:55:14.665  INFO 870 --- [task-1] o.h.e.t.j.p.i.JtaPlatformInitiator       : HHH000490: Using JtaPlatform implementation: [org.hibernate.engine.transaction.jta.platform.internal.NoJtaPlatform]
2020-12-22 12:55:14.712  INFO 870 --- [task-1] j.LocalContainerEntityManagerFactoryBean : Initialized JPA EntityManagerFactory for persistence unit 'default'
2020-12-22 12:55:14.856  INFO 870 --- [restartedMain] o.s.b.d.a.OptionalLiveReloadServer       : LiveReload server is running on port 35729
2020-12-22 12:55:14.860  INFO 870 --- [restartedMain] o.s.b.a.e.web.EndpointLinksResolver      : Exposing 14 endpoint(s) beneath base path '/actuator'
2020-12-22 12:55:14.894  INFO 870 --- [restartedMain] o.s.b.w.embedded.tomcat.TomcatWebServer  : Tomcat started on port(s): 8080 (http) with context path ''
2020-12-22 12:55:14.895  INFO 870 --- [restartedMain] DeferredRepositoryInitializationListener : Triggering deferred initialization of Spring Data repositories…
2020-12-22 12:55:14.896  INFO 870 --- [restartedMain] DeferredRepositoryInitializationListener : Spring Data repositories initialized!
2020-12-22 12:55:14.907  INFO 870 --- [restartedMain] c.l.libraryapi.LibraryApiApplication     : Started LibraryApiApplication in 1.688 seconds (JVM running for 88.786)
2020-12-22 12:55:14.911  INFO 870 --- [restartedMain] .ConditionEvaluationDeltaLoggingListener : Condition evaluation unchanged
2020-12-22 12:55:15.260  INFO 870 --- [SpringContextShutdownHook] j.LocalContainerEntityManagerFactoryBean : Closing JPA EntityManagerFactory for persistence unit 'default'
2020-12-22 12:55:15.261  INFO 870 --- [SpringContextShutdownHook] .SchemaDropperImpl$DelayedDropActionImpl : HHH000477: Starting delayed evictData of schema as part of SessionFactory shut-down'
2020-12-22 12:55:15.265  INFO 870 --- [SpringContextShutdownHook] o.s.s.c.ThreadPoolTaskScheduler          : Shutting down ExecutorService 'taskScheduler'
2020-12-22 12:55:15.266  INFO 870 --- [SpringContextShutdownHook] o.s.s.concurrent.ThreadPoolTaskExecutor  : Shutting down ExecutorService 'applicationTaskExecutor'
2020-12-22 12:55:15.481  WARN 870 --- [SpringContextShutdownHook] o.s.b.f.support.DisposableBeanAdapter    : Invocation of destroy method failed on bean with name 'inMemoryDatabaseShutdownExecutor': org.h2.jdbc.JdbcSQLNonTransientConnectionException: Database is already closed (to disable automatic closing at VM shutdown, add ";DB_CLOSE_ON_EXIT=FALSE" to the db URL) [90121-200]
2020-12-22 12:55:15.484  INFO 870 --- [SpringContextShutdownHook] com.zaxxer.hikari.HikariDataSource       : HikariPool-3 - Shutdown initiated...
2020-12-22 12:55:15.493  INFO 870 --- [SpringContextShutdownHook] com.zaxxer.hikari.HikariDataSource       : HikariPool-3 - Shutdown completed.
2020-12-22 12:56:13.058  INFO 1361 --- [restartedMain] c.l.libraryapi.LibraryApiApplication     : Starting LibraryApiApplication using Java 11.0.9 on TiagoAlmeida with PID 1361 (/mnt/d/2020/java/library-api/target/classes started by pc_tiago in /mnt/d/2020/java/library-api)
2020-12-22 12:56:13.064  INFO 1361 --- [restartedMain] c.l.libraryapi.LibraryApiApplication     : No active profile set, falling back to default profiles: default
2020-12-22 12:56:13.256  INFO 1361 --- [restartedMain] .e.DevToolsPropertyDefaultsPostProcessor : Devtools property defaults active! Set 'spring.devtools.add-properties' to 'false' to disable
2020-12-22 12:56:13.257  INFO 1361 --- [restartedMain] .e.DevToolsPropertyDefaultsPostProcessor : For additional web related logging consider setting the 'logging.level.web' property to 'DEBUG'
2020-12-22 12:56:17.013  INFO 1361 --- [restartedMain] .s.d.r.c.RepositoryConfigurationDelegate : Bootstrapping Spring Data JPA repositories in DEFERRED mode.
2020-12-22 12:56:17.144  INFO 1361 --- [restartedMain] .s.d.r.c.RepositoryConfigurationDelegate : Finished Spring Data repository scanning in 109 ms. Found 2 JPA repository interfaces.
2020-12-22 12:56:18.630  INFO 1361 --- [restartedMain] o.s.b.w.embedded.tomcat.TomcatWebServer  : Tomcat initialized with port(s): 8080 (http)
2020-12-22 12:56:18.649  INFO 1361 --- [restartedMain] o.apache.catalina.core.StandardService   : Starting service [Tomcat]
2020-12-22 12:56:18.650  INFO 1361 --- [restartedMain] org.apache.catalina.core.StandardEngine  : Starting Servlet engine: [Apache Tomcat/9.0.39]
2020-12-22 12:56:18.872  INFO 1361 --- [restartedMain] o.a.c.c.C.[Tomcat].[localhost].[/]       : Initializing Spring embedded WebApplicationContext
2020-12-22 12:56:18.874  INFO 1361 --- [restartedMain] w.s.c.ServletWebServerApplicationContext : Root WebApplicationContext: initialization completed in 5616 ms
2020-12-22 12:56:19.273  INFO 1361 --- [restartedMain] com.zaxxer.hikari.HikariDataSource       : HikariPool-1 - Starting...
2020-12-22 12:56:19.789  INFO 1361 --- [restartedMain] com.zaxxer.hikari.HikariDataSource       : HikariPool-1 - Start completed.
2020-12-22 12:56:19.809  INFO 1361 --- [restartedMain] o.s.b.a.h2.H2ConsoleAutoConfiguration    : H2 console available at '/h2-console'. Database available at 'jdbc:h2:mem:f849d6da-6248-4bd3-ba78-607a3aa6facd'
2020-12-22 12:56:20.191  INFO 1361 --- [restartedMain] o.s.s.concurrent.ThreadPoolTaskExecutor  : Initializing ExecutorService 'applicationTaskExecutor'
2020-12-22 12:56:20.233  INFO 1361 --- [restartedMain] o.s.s.c.ThreadPoolTaskScheduler          : Initializing ExecutorService 'taskScheduler'
2020-12-22 12:56:20.475  INFO 1361 --- [task-1] o.hibernate.jpa.internal.util.LogHelper  : HHH000204: Processing PersistenceUnitInfo [name: default]
2020-12-22 12:56:20.669  INFO 1361 --- [task-1] org.hibernate.Version                    : HHH000412: Hibernate ORM core version 5.4.23.Final
2020-12-22 12:56:21.193  INFO 1361 --- [task-1] o.hibernate.annotations.common.Version   : HCANN000001: Hibernate Commons Annotations {5.1.2.Final}
2020-12-22 12:56:21.456  WARN 1361 --- [restartedMain] JpaBaseConfiguration$JpaWebConfiguration : spring.jpa.open-in-view is enabled by default. Therefore, database queries may be performed during view rendering. Explicitly configure spring.jpa.open-in-view to disable this warning
2020-12-22 12:56:21.564  INFO 1361 --- [task-1] org.hibernate.dialect.Dialect            : HHH000400: Using dialect: org.hibernate.dialect.H2Dialect
2020-12-22 12:56:22.150  INFO 1361 --- [restartedMain] o.s.b.a.e.web.EndpointLinksResolver      : Exposing 14 endpoint(s) beneath base path '/actuator'
2020-12-22 12:56:22.491  INFO 1361 --- [restartedMain] o.s.b.d.a.OptionalLiveReloadServer       : LiveReload server is running on port 35729
2020-12-22 12:56:23.365  INFO 1361 --- [task-1] o.h.e.t.j.p.i.JtaPlatformInitiator       : HHH000490: Using JtaPlatform implementation: [org.hibernate.engine.transaction.jta.platform.internal.NoJtaPlatform]
2020-12-22 12:56:23.391  INFO 1361 --- [task-1] j.LocalContainerEntityManagerFactoryBean : Initialized JPA EntityManagerFactory for persistence unit 'default'
2020-12-22 12:56:23.494  INFO 1361 --- [restartedMain] o.s.b.w.embedded.tomcat.TomcatWebServer  : Tomcat started on port(s): 8080 (http) with context path ''
2020-12-22 12:56:24.396  INFO 1361 --- [restartedMain] DeferredRepositoryInitializationListener : Triggering deferred initialization of Spring Data repositories…
2020-12-22 12:56:25.656  INFO 1361 --- [restartedMain] DeferredRepositoryInitializationListener : Spring Data repositories initialized!
2020-12-22 12:56:25.700  INFO 1361 --- [restartedMain] c.l.libraryapi.LibraryApiApplication     : Started LibraryApiApplication in 13.57 seconds (JVM running for 14.911)
2020-12-22 12:57:02.301  INFO 1361 --- [http-nio-8080-exec-1] o.a.c.c.C.[Tomcat].[localhost].[/]       : Initializing Spring DispatcherServlet 'dispatcherServlet'
2020-12-22 12:57:02.302  INFO 1361 --- [http-nio-8080-exec-1] o.s.web.servlet.DispatcherServlet        : Initializing Servlet 'dispatcherServlet'
2020-12-22 12:57:02.305  INFO 1361 --- [http-nio-8080-exec-1] o.s.web.servlet.DispatcherServlet        : Completed initialization in 3 ms
2020-12-22 12:58:02.640  INFO 1695 --- [restartedMain] c.l.libraryapi.LibraryApiApplication     : Starting LibraryApiApplication using Java 11.0.9 on TiagoAlmeida with PID 1695 (/mnt/d/2020/java/library-api/target/classes started by pc_tiago in /mnt/d/2020/java/library-api)
2020-12-22 12:58:02.644  INFO 1695 --- [restartedMain] c.l.libraryapi.LibraryApiApplication     : No active profile set, falling back to default profiles: default
2020-12-22 12:58:02.818  INFO 1695 --- [restartedMain] .e.DevToolsPropertyDefaultsPostProcessor : Devtools property defaults active! Set 'spring.devtools.add-properties' to 'false' to disable
2020-12-22 12:58:02.818  INFO 1695 --- [restartedMain] .e.DevToolsPropertyDefaultsPostProcessor : For additional web related logging consider setting the 'logging.level.web' property to 'DEBUG'
2020-12-22 12:58:05.333  INFO 1695 --- [restartedMain] .s.d.r.c.RepositoryConfigurationDelegate : Bootstrapping Spring Data JPA repositories in DEFERRED mode.
2020-12-22 12:58:05.429  INFO 1695 --- [restartedMain] .s.d.r.c.RepositoryConfigurationDelegate : Finished Spring Data repository scanning in 82 ms. Found 2 JPA repository interfaces.
2020-12-22 12:58:06.544  INFO 1695 --- [restartedMain] o.s.b.w.embedded.tomcat.TomcatWebServer  : Tomcat initialized with port(s): 8080 (http)
2020-12-22 12:58:06.564  INFO 1695 --- [restartedMain] o.apache.catalina.core.StandardService   : Starting service [Tomcat]
2020-12-22 12:58:06.565  INFO 1695 --- [restartedMain] org.apache.catalina.core.StandardEngine  : Starting Servlet engine: [Apache Tomcat/9.0.39]
2020-12-22 12:58:06.750  INFO 1695 --- [restartedMain] o.a.c.c.C.[Tomcat].[localhost].[/]       : Initializing Spring embedded WebApplicationContext
2020-12-22 12:58:06.750  INFO 1695 --- [restartedMain] w.s.c.ServletWebServerApplicationContext : Root WebApplicationContext: initialization completed in 3931 ms
2020-12-22 12:58:07.059  INFO 1695 --- [restartedMain] com.zaxxer.hikari.HikariDataSource       : HikariPool-1 - Starting...
2020-12-22 12:58:07.493  INFO 1695 --- [restartedMain] com.zaxxer.hikari.HikariDataSource       : HikariPool-1 - Start completed.
2020-12-22 12:58:07.506  INFO 1695 --- [restartedMain] o.s.b.a.h2.H2ConsoleAutoConfiguration    : H2 console available at '/h2-console'. Database available at 'jdbc:h2:mem:a54f9e60-d172-4a7f-872a-7f6ab27676ee'
2020-12-22 12:58:07.773  INFO 1695 --- [restartedMain] o.s.s.concurrent.ThreadPoolTaskExecutor  : Initializing ExecutorService 'applicationTaskExecutor'
2020-12-22 12:58:07.799  INFO 1695 --- [restartedMain] o.s.s.c.ThreadPoolTaskScheduler          : Initializing ExecutorService 'taskScheduler'
2020-12-22 12:58:07.915  INFO 1695 --- [task-1] o.hibernate.jpa.internal.util.LogHelper  : HHH000204: Processing PersistenceUnitInfo [name: default]
2020-12-22 12:58:08.065  INFO 1695 --- [task-1] org.hibernate.Version                    : HHH000412: Hibernate ORM core version 5.4.23.Final
2020-12-22 12:58:08.388  INFO 1695 --- [task-1] o.hibernate.annotations.common.Version   : HCANN000001: Hibernate Commons Annotations {5.1.2.Final}
2020-12-22 12:58:08.714  WARN 1695 --- [restartedMain] JpaBaseConfiguration$JpaWebConfiguration : spring.jpa.open-in-view is enabled by default. Therefore, database queries may be performed during view rendering. Explicitly configure spring.jpa.open-in-view to disable this warning
2020-12-22 12:58:08.740  INFO 1695 --- [task-1] org.hibernate.dialect.Dialect            : HHH000400: Using dialect: org.hibernate.dialect.H2Dialect
2020-12-22 12:58:09.160  INFO 1695 --- [restartedMain] o.s.b.a.e.web.EndpointLinksResolver      : Exposing 14 endpoint(s) beneath base path '/actuator'
2020-12-22 12:58:09.463  INFO 1695 --- [restartedMain] o.s.b.d.a.OptionalLiveReloadServer       : LiveReload server is running on port 35729
2020-12-22 12:58:10.255  INFO 1695 --- [task-1] o.h.e.t.j.p.i.JtaPlatformInitiator       : HHH000490: Using JtaPlatform implementation: [org.hibernate.engine.transaction.jta.platform.internal.NoJtaPlatform]
2020-12-22 12:58:10.276  INFO 1695 --- [task-1] j.LocalContainerEntityManagerFactoryBean : Initialized JPA EntityManagerFactory for persistence unit 'default'
2020-12-22 12:58:10.355  INFO 1695 --- [restartedMain] o.s.b.w.embedded.tomcat.TomcatWebServer  : Tomcat started on port(s): 8080 (http) with context path ''
2020-12-22 12:58:11.011  INFO 1695 --- [restartedMain] DeferredRepositoryInitializationListener : Triggering deferred initialization of Spring Data repositories…
2020-12-22 12:58:11.775  INFO 1695 --- [restartedMain] DeferredRepositoryInitializationListener : Spring Data repositories initialized!
2020-12-22 12:58:11.805  INFO 1695 --- [restartedMain] c.l.libraryapi.LibraryApiApplication     : Started LibraryApiApplication in 9.93 seconds (JVM running for 10.863)
2020-12-22 12:58:22.906  INFO 1695 --- [http-nio-8080-exec-1] o.a.c.c.C.[Tomcat].[localhost].[/]       : Initializing Spring DispatcherServlet 'dispatcherServlet'
2020-12-22 12:58:22.907  INFO 1695 --- [http-nio-8080-exec-1] o.s.web.servlet.DispatcherServlet        : Initializing Servlet 'dispatcherServlet'
2020-12-22 12:58:22.910  INFO 1695 --- [http-nio-8080-exec-1] o.s.web.servlet.DispatcherServlet        : Completed initialization in 3 ms
2020-12-22 13:00:18.523  INFO 1695 --- [Thread-4] j.LocalContainerEntityManagerFactoryBean : Closing JPA EntityManagerFactory for persistence unit 'default'
2020-12-22 13:00:18.524  INFO 1695 --- [Thread-4] .SchemaDropperImpl$DelayedDropActionImpl : HHH000477: Starting delayed evictData of schema as part of SessionFactory shut-down'
2020-12-22 13:00:18.548  INFO 1695 --- [Thread-4] o.s.s.c.ThreadPoolTaskScheduler          : Shutting down ExecutorService 'taskScheduler'
2020-12-22 13:00:18.548  INFO 1695 --- [Thread-4] o.s.s.concurrent.ThreadPoolTaskExecutor  : Shutting down ExecutorService 'applicationTaskExecutor'
2020-12-22 13:00:18.767  WARN 1695 --- [Thread-4] o.s.b.f.support.DisposableBeanAdapter    : Invocation of destroy method failed on bean with name 'inMemoryDatabaseShutdownExecutor': org.h2.jdbc.JdbcSQLNonTransientConnectionException: Database is already closed (to disable automatic closing at VM shutdown, add ";DB_CLOSE_ON_EXIT=FALSE" to the db URL) [90121-200]
2020-12-22 13:00:18.770  INFO 1695 --- [Thread-4] com.zaxxer.hikari.HikariDataSource       : HikariPool-1 - Shutdown initiated...
2020-12-22 13:00:18.784  INFO 1695 --- [Thread-4] com.zaxxer.hikari.HikariDataSource       : HikariPool-1 - Shutdown completed.
2020-12-22 13:00:18.958  INFO 1695 --- [restartedMain] c.l.libraryapi.LibraryApiApplication     : Starting LibraryApiApplication using Java 11.0.9 on TiagoAlmeida with PID 1695 (/mnt/d/2020/java/library-api/target/classes started by pc_tiago in /mnt/d/2020/java/library-api)
2020-12-22 13:00:18.959  INFO 1695 --- [restartedMain] c.l.libraryapi.LibraryApiApplication     : No active profile set, falling back to default profiles: default
2020-12-22 13:00:19.904  INFO 1695 --- [restartedMain] .s.d.r.c.RepositoryConfigurationDelegate : Bootstrapping Spring Data JPA repositories in DEFERRED mode.
2020-12-22 13:00:19.931  INFO 1695 --- [restartedMain] .s.d.r.c.RepositoryConfigurationDelegate : Finished Spring Data repository scanning in 26 ms. Found 2 JPA repository interfaces.
2020-12-22 13:00:20.119  INFO 1695 --- [restartedMain] o.s.b.w.embedded.tomcat.TomcatWebServer  : Tomcat initialized with port(s): 8080 (http)
2020-12-22 13:00:20.120  INFO 1695 --- [restartedMain] o.apache.catalina.core.StandardService   : Starting service [Tomcat]
2020-12-22 13:00:20.121  INFO 1695 --- [restartedMain] org.apache.catalina.core.StandardEngine  : Starting Servlet engine: [Apache Tomcat/9.0.39]
2020-12-22 13:00:20.165  INFO 1695 --- [restartedMain] o.a.c.c.C.[Tomcat].[localhost].[/]       : Initializing Spring embedded WebApplicationContext
2020-12-22 13:00:20.166  INFO 1695 --- [restartedMain] w.s.c.ServletWebServerApplicationContext : Root WebApplicationContext: initialization completed in 1198 ms
2020-12-22 13:00:20.231  INFO 1695 --- [restartedMain] com.zaxxer.hikari.HikariDataSource       : HikariPool-2 - Starting...
2020-12-22 13:00:20.237  INFO 1695 --- [restartedMain] com.zaxxer.hikari.HikariDataSource       : HikariPool-2 - Start completed.
2020-12-22 13:00:20.238  INFO 1695 --- [restartedMain] o.s.b.a.h2.H2ConsoleAutoConfiguration    : H2 console available at '/h2-console'. Database available at 'jdbc:h2:mem:e5c15880-3b65-40a9-8a0d-8837081838e7'
2020-12-22 13:00:20.309  INFO 1695 --- [restartedMain] o.s.s.concurrent.ThreadPoolTaskExecutor  : Initializing ExecutorService 'applicationTaskExecutor'
2020-12-22 13:00:20.317  INFO 1695 --- [restartedMain] o.s.s.c.ThreadPoolTaskScheduler          : Initializing ExecutorService 'taskScheduler'
2020-12-22 13:00:20.329  INFO 1695 --- [task-1] o.hibernate.jpa.internal.util.LogHelper  : HHH000204: Processing PersistenceUnitInfo [name: default]
2020-12-22 13:00:20.349  INFO 1695 --- [task-1] org.hibernate.dialect.Dialect            : HHH000400: Using dialect: org.hibernate.dialect.H2Dialect
2020-12-22 13:00:20.502  INFO 1695 --- [task-1] o.h.e.t.j.p.i.JtaPlatformInitiator       : HHH000490: Using JtaPlatform implementation: [org.hibernate.engine.transaction.jta.platform.internal.NoJtaPlatform]
2020-12-22 13:00:20.508  INFO 1695 --- [task-1] j.LocalContainerEntityManagerFactoryBean : Initialized JPA EntityManagerFactory for persistence unit 'default'
2020-12-22 13:00:20.565  INFO 1695 --- [task-2] o.s.b.d.a.OptionalLiveReloadServer       : LiveReload server is running on port 35729
2020-12-22 13:00:20.590  WARN 1695 --- [restartedMain] JpaBaseConfiguration$JpaWebConfiguration : spring.jpa.open-in-view is enabled by default. Therefore, database queries may be performed during view rendering. Explicitly configure spring.jpa.open-in-view to disable this warning
2020-12-22 13:00:20.743  INFO 1695 --- [restartedMain] o.s.b.a.e.web.EndpointLinksResolver      : Exposing 14 endpoint(s) beneath base path '/actuator'
2020-12-22 13:00:20.985  INFO 1695 --- [restartedMain] o.s.b.w.embedded.tomcat.TomcatWebServer  : Tomcat started on port(s): 8080 (http) with context path ''
2020-12-22 13:00:21.248  INFO 1695 --- [restartedMain] DeferredRepositoryInitializationListener : Triggering deferred initialization of Spring Data repositories…
2020-12-22 13:00:21.373  INFO 1695 --- [restartedMain] DeferredRepositoryInitializationListener : Spring Data repositories initialized!
2020-12-22 13:00:21.385  INFO 1695 --- [restartedMain] c.l.libraryapi.LibraryApiApplication     : Started LibraryApiApplication in 2.494 seconds (JVM running for 140.442)
2020-12-22 13:00:21.390  INFO 1695 --- [restartedMain] .ConditionEvaluationDeltaLoggingListener : Condition evaluation unchanged
2020-12-22 13:00:25.556  INFO 2128 --- [restartedMain] c.l.libraryapi.LibraryApiApplication     : Starting LibraryApiApplication using Java 11.0.9 on TiagoAlmeida with PID 2128 (/mnt/d/2020/java/library-api/target/classes started by pc_tiago in /mnt/d/2020/java/library-api)
2020-12-22 13:00:25.562  INFO 2128 --- [restartedMain] c.l.libraryapi.LibraryApiApplication     : No active profile set, falling back to default profiles: default
2020-12-22 13:00:25.664  INFO 2128 --- [restartedMain] .e.DevToolsPropertyDefaultsPostProcessor : Devtools property defaults active! Set 'spring.devtools.add-properties' to 'false' to disable
2020-12-22 13:00:25.665  INFO 2128 --- [restartedMain] .e.DevToolsPropertyDefaultsPostProcessor : For additional web related logging consider setting the 'logging.level.web' property to 'DEBUG'
2020-12-22 13:00:28.304  INFO 2128 --- [restartedMain] .s.d.r.c.RepositoryConfigurationDelegate : Bootstrapping Spring Data JPA repositories in DEFERRED mode.
2020-12-22 13:00:28.431  INFO 2128 --- [restartedMain] .s.d.r.c.RepositoryConfigurationDelegate : Finished Spring Data repository scanning in 109 ms. Found 2 JPA repository interfaces.
2020-12-22 13:00:29.886  INFO 2128 --- [restartedMain] o.s.b.w.embedded.tomcat.TomcatWebServer  : Tomcat initialized with port(s): 8080 (http)
2020-12-22 13:00:29.904  INFO 2128 --- [restartedMain] o.apache.catalina.core.StandardService   : Starting service [Tomcat]
2020-12-22 13:00:29.905  INFO 2128 --- [restartedMain] org.apache.catalina.core.StandardEngine  : Starting Servlet engine: [Apache Tomcat/9.0.39]
2020-12-22 13:00:30.081  INFO 2128 --- [restartedMain] o.a.c.c.C.[Tomcat].[localhost].[/]       : Initializing Spring embedded WebApplicationContext
2020-12-22 13:00:30.081  INFO 2128 --- [restartedMain] w.s.c.ServletWebServerApplicationContext : Root WebApplicationContext: initialization completed in 4415 ms
2020-12-22 13:00:30.504  INFO 2128 --- [restartedMain] com.zaxxer.hikari.HikariDataSource       : HikariPool-1 - Starting...
2020-12-22 13:00:30.888  INFO 2128 --- [restartedMain] com.zaxxer.hikari.HikariDataSource       : HikariPool-1 - Start completed.
2020-12-22 13:00:30.896  INFO 2128 --- [restartedMain] o.s.b.a.h2.H2ConsoleAutoConfiguration    : H2 console available at '/h2-console'. Database available at 'jdbc:h2:mem:e7ba2dc2-e3f3-46ab-9fb9-7dc395d0ece1'
2020-12-22 13:00:31.153  INFO 2128 --- [restartedMain] o.s.s.concurrent.ThreadPoolTaskExecutor  : Initializing ExecutorService 'applicationTaskExecutor'
2020-12-22 13:00:31.177  INFO 2128 --- [restartedMain] o.s.s.c.ThreadPoolTaskScheduler          : Initializing ExecutorService 'taskScheduler'
2020-12-22 13:00:31.296  INFO 2128 --- [task-1] o.hibernate.jpa.internal.util.LogHelper  : HHH000204: Processing PersistenceUnitInfo [name: default]
2020-12-22 13:00:31.450  INFO 2128 --- [task-1] org.hibernate.Version                    : HHH000412: Hibernate ORM core version 5.4.23.Final
2020-12-22 13:00:31.809  INFO 2128 --- [task-1] o.hibernate.annotations.common.Version   : HCANN000001: Hibernate Commons Annotations {5.1.2.Final}
2020-12-22 13:00:32.221  INFO 2128 --- [task-1] org.hibernate.dialect.Dialect            : HHH000400: Using dialect: org.hibernate.dialect.H2Dialect
2020-12-22 13:00:32.474  WARN 2128 --- [restartedMain] JpaBaseConfiguration$JpaWebConfiguration : spring.jpa.open-in-view is enabled by default. Therefore, database queries may be performed during view rendering. Explicitly configure spring.jpa.open-in-view to disable this warning
2020-12-22 13:00:33.134  INFO 2128 --- [restartedMain] o.s.b.a.e.web.EndpointLinksResolver      : Exposing 14 endpoint(s) beneath base path '/actuator'
2020-12-22 13:00:33.469  INFO 2128 --- [restartedMain] o.s.b.d.a.OptionalLiveReloadServer       : LiveReload server is running on port 35729
2020-12-22 13:00:34.070  INFO 2128 --- [task-1] o.h.e.t.j.p.i.JtaPlatformInitiator       : HHH000490: Using JtaPlatform implementation: [org.hibernate.engine.transaction.jta.platform.internal.NoJtaPlatform]
2020-12-22 13:00:34.087  INFO 2128 --- [task-1] j.LocalContainerEntityManagerFactoryBean : Initialized JPA EntityManagerFactory for persistence unit 'default'
2020-12-22 13:00:34.195  INFO 2128 --- [restartedMain] o.s.b.w.embedded.tomcat.TomcatWebServer  : Tomcat started on port(s): 8080 (http) with context path ''
2020-12-22 13:00:34.944  INFO 2128 --- [restartedMain] DeferredRepositoryInitializationListener : Triggering deferred initialization of Spring Data repositories…
2020-12-22 13:00:35.633  INFO 2128 --- [restartedMain] DeferredRepositoryInitializationListener : Spring Data repositories initialized!
2020-12-22 13:00:35.661  INFO 2128 --- [restartedMain] c.l.libraryapi.LibraryApiApplication     : Started LibraryApiApplication in 10.804 seconds (JVM running for 11.76)
2020-12-22 13:00:45.820  INFO 2128 --- [http-nio-8080-exec-1] o.a.c.c.C.[Tomcat].[localhost].[/]       : Initializing Spring DispatcherServlet 'dispatcherServlet'
2020-12-22 13:00:45.821  INFO 2128 --- [http-nio-8080-exec-1] o.s.web.servlet.DispatcherServlet        : Initializing Servlet 'dispatcherServlet'
2020-12-22 13:00:45.824  INFO 2128 --- [http-nio-8080-exec-1] o.s.web.servlet.DispatcherServlet        : Completed initialization in 3 ms
2020-12-22 13:04:14.167  INFO 2604 --- [restartedMain] c.l.libraryapi.LibraryApiApplication     : Starting LibraryApiApplication using Java 11.0.9 on TiagoAlmeida with PID 2604 (/mnt/d/2020/java/library-api/target/classes started by pc_tiago in /mnt/d/2020/java/library-api)
2020-12-22 13:04:14.171  INFO 2604 --- [restartedMain] c.l.libraryapi.LibraryApiApplication     : No active profile set, falling back to default profiles: default
2020-12-22 13:04:14.307  INFO 2604 --- [restartedMain] .e.DevToolsPropertyDefaultsPostProcessor : Devtools property defaults active! Set 'spring.devtools.add-properties' to 'false' to disable
2020-12-22 13:04:14.308  INFO 2604 --- [restartedMain] .e.DevToolsPropertyDefaultsPostProcessor : For additional web related logging consider setting the 'logging.level.web' property to 'DEBUG'
2020-12-22 13:04:16.825  INFO 2604 --- [restartedMain] .s.d.r.c.RepositoryConfigurationDelegate : Bootstrapping Spring Data JPA repositories in DEFERRED mode.
2020-12-22 13:04:16.923  INFO 2604 --- [restartedMain] .s.d.r.c.RepositoryConfigurationDelegate : Finished Spring Data repository scanning in 82 ms. Found 2 JPA repository interfaces.
2020-12-22 13:04:17.992  INFO 2604 --- [restartedMain] o.s.b.w.embedded.tomcat.TomcatWebServer  : Tomcat initialized with port(s): 8080 (http)
2020-12-22 13:04:18.012  INFO 2604 --- [restartedMain] o.apache.catalina.core.StandardService   : Starting service [Tomcat]
2020-12-22 13:04:18.013  INFO 2604 --- [restartedMain] org.apache.catalina.core.StandardEngine  : Starting Servlet engine: [Apache Tomcat/9.0.39]
2020-12-22 13:04:18.172  INFO 2604 --- [restartedMain] o.a.c.c.C.[Tomcat].[localhost].[/]       : Initializing Spring embedded WebApplicationContext
2020-12-22 13:04:18.173  INFO 2604 --- [restartedMain] w.s.c.ServletWebServerApplicationContext : Root WebApplicationContext: initialization completed in 3863 ms
2020-12-22 13:04:18.482  INFO 2604 --- [restartedMain] com.zaxxer.hikari.HikariDataSource       : HikariPool-1 - Starting...
2020-12-22 13:04:19.145  INFO 2604 --- [restartedMain] com.zaxxer.hikari.HikariDataSource       : HikariPool-1 - Start completed.
2020-12-22 13:04:19.160  INFO 2604 --- [restartedMain] o.s.b.a.h2.H2ConsoleAutoConfiguration    : H2 console available at '/h2-console'. Database available at 'jdbc:h2:mem:20faf003-02a1-4b5c-927f-96dcd4434bd9'
2020-12-22 13:04:19.485  INFO 2604 --- [restartedMain] o.s.s.concurrent.ThreadPoolTaskExecutor  : Initializing ExecutorService 'applicationTaskExecutor'
2020-12-22 13:04:19.530  INFO 2604 --- [restartedMain] o.s.s.c.ThreadPoolTaskScheduler          : Initializing ExecutorService 'taskScheduler'
2020-12-22 13:04:19.648  INFO 2604 --- [task-1] o.hibernate.jpa.internal.util.LogHelper  : HHH000204: Processing PersistenceUnitInfo [name: default]
2020-12-22 13:04:19.754  INFO 2604 --- [task-1] org.hibernate.Version                    : HHH000412: Hibernate ORM core version 5.4.23.Final
2020-12-22 13:04:20.055  INFO 2604 --- [task-1] o.hibernate.annotations.common.Version   : HCANN000001: Hibernate Commons Annotations {5.1.2.Final}
2020-12-22 13:04:20.510  WARN 2604 --- [restartedMain] JpaBaseConfiguration$JpaWebConfiguration : spring.jpa.open-in-view is enabled by default. Therefore, database queries may be performed during view rendering. Explicitly configure spring.jpa.open-in-view to disable this warning
2020-12-22 13:04:20.526  INFO 2604 --- [task-1] org.hibernate.dialect.Dialect            : HHH000400: Using dialect: org.hibernate.dialect.H2Dialect
2020-12-22 13:04:21.049  INFO 2604 --- [restartedMain] o.s.b.a.e.web.EndpointLinksResolver      : Exposing 14 endpoint(s) beneath base path '/actuator'
2020-12-22 13:04:21.718  INFO 2604 --- [restartedMain] o.s.b.d.a.OptionalLiveReloadServer       : LiveReload server is running on port 35729
2020-12-22 13:04:22.685  INFO 2604 --- [task-1] o.h.e.t.j.p.i.JtaPlatformInitiator       : HHH000490: Using JtaPlatform implementation: [org.hibernate.engine.transaction.jta.platform.internal.NoJtaPlatform]
2020-12-22 13:04:22.718  INFO 2604 --- [task-1] j.LocalContainerEntityManagerFactoryBean : Initialized JPA EntityManagerFactory for persistence unit 'default'
2020-12-22 13:04:22.806  INFO 2604 --- [restartedMain] o.s.b.w.embedded.tomcat.TomcatWebServer  : Tomcat started on port(s): 8080 (http) with context path ''
2020-12-22 13:04:23.674  INFO 2604 --- [http-nio-8080-exec-1] o.a.c.c.C.[Tomcat].[localhost].[/]       : Initializing Spring DispatcherServlet 'dispatcherServlet'
2020-12-22 13:04:23.685  INFO 2604 --- [http-nio-8080-exec-1] o.s.web.servlet.DispatcherServlet        : Initializing Servlet 'dispatcherServlet'
2020-12-22 13:04:23.684  INFO 2604 --- [restartedMain] DeferredRepositoryInitializationListener : Triggering deferred initialization of Spring Data repositories…
2020-12-22 13:04:23.689  INFO 2604 --- [http-nio-8080-exec-1] o.s.web.servlet.DispatcherServlet        : Completed initialization in 4 ms
2020-12-22 13:04:24.753  INFO 2604 --- [restartedMain] DeferredRepositoryInitializationListener : Spring Data repositories initialized!
2020-12-22 13:04:24.781  INFO 2604 --- [restartedMain] c.l.libraryapi.LibraryApiApplication     : Started LibraryApiApplication in 11.529 seconds (JVM running for 12.832)
2020-12-22 13:04:37.320  INFO 2604 --- [Thread-4] j.LocalContainerEntityManagerFactoryBean : Closing JPA EntityManagerFactory for persistence unit 'default'
2020-12-22 13:04:37.321  INFO 2604 --- [Thread-4] .SchemaDropperImpl$DelayedDropActionImpl : HHH000477: Starting delayed evictData of schema as part of SessionFactory shut-down'
2020-12-22 13:04:37.335  INFO 2604 --- [Thread-4] o.s.s.c.ThreadPoolTaskScheduler          : Shutting down ExecutorService 'taskScheduler'
2020-12-22 13:04:37.336  INFO 2604 --- [Thread-4] o.s.s.concurrent.ThreadPoolTaskExecutor  : Shutting down ExecutorService 'applicationTaskExecutor'
2020-12-22 13:04:37.574  WARN 2604 --- [Thread-4] o.s.b.f.support.DisposableBeanAdapter    : Invocation of destroy method failed on bean with name 'inMemoryDatabaseShutdownExecutor': org.h2.jdbc.JdbcSQLNonTransientConnectionException: Database is already closed (to disable automatic closing at VM shutdown, add ";DB_CLOSE_ON_EXIT=FALSE" to the db URL) [90121-200]
2020-12-22 13:04:37.580  INFO 2604 --- [Thread-4] com.zaxxer.hikari.HikariDataSource       : HikariPool-1 - Shutdown initiated...
2020-12-22 13:04:37.610  INFO 2604 --- [Thread-4] com.zaxxer.hikari.HikariDataSource       : HikariPool-1 - Shutdown completed.
2020-12-22 13:04:37.775  INFO 2604 --- [restartedMain] c.l.libraryapi.LibraryApiApplication     : Starting LibraryApiApplication using Java 11.0.9 on TiagoAlmeida with PID 2604 (/mnt/d/2020/java/library-api/target/classes started by pc_tiago in /mnt/d/2020/java/library-api)
2020-12-22 13:04:37.775  INFO 2604 --- [restartedMain] c.l.libraryapi.LibraryApiApplication     : No active profile set, falling back to default profiles: default
2020-12-22 13:04:38.794  INFO 2604 --- [restartedMain] .s.d.r.c.RepositoryConfigurationDelegate : Bootstrapping Spring Data JPA repositories in DEFERRED mode.
2020-12-22 13:04:38.825  INFO 2604 --- [restartedMain] .s.d.r.c.RepositoryConfigurationDelegate : Finished Spring Data repository scanning in 30 ms. Found 2 JPA repository interfaces.
2020-12-22 13:04:39.021  INFO 2604 --- [restartedMain] o.s.b.w.embedded.tomcat.TomcatWebServer  : Tomcat initialized with port(s): 8080 (http)
2020-12-22 13:04:39.022  INFO 2604 --- [restartedMain] o.apache.catalina.core.StandardService   : Starting service [Tomcat]
2020-12-22 13:04:39.023  INFO 2604 --- [restartedMain] org.apache.catalina.core.StandardEngine  : Starting Servlet engine: [Apache Tomcat/9.0.39]
2020-12-22 13:04:39.050  INFO 2604 --- [restartedMain] o.a.c.c.C.[Tomcat].[localhost].[/]       : Initializing Spring embedded WebApplicationContext
2020-12-22 13:04:39.050  INFO 2604 --- [restartedMain] w.s.c.ServletWebServerApplicationContext : Root WebApplicationContext: initialization completed in 1266 ms
2020-12-22 13:04:39.120  INFO 2604 --- [restartedMain] com.zaxxer.hikari.HikariDataSource       : HikariPool-2 - Starting...
2020-12-22 13:04:39.125  INFO 2604 --- [restartedMain] com.zaxxer.hikari.HikariDataSource       : HikariPool-2 - Start completed.
2020-12-22 13:04:39.125  INFO 2604 --- [restartedMain] o.s.b.a.h2.H2ConsoleAutoConfiguration    : H2 console available at '/h2-console'. Database available at 'jdbc:h2:mem:5cc7c2f9-3136-448f-8f8d-b97a831ee1eb'
2020-12-22 13:04:39.188  INFO 2604 --- [restartedMain] o.s.s.concurrent.ThreadPoolTaskExecutor  : Initializing ExecutorService 'applicationTaskExecutor'
2020-12-22 13:04:39.195  INFO 2604 --- [restartedMain] o.s.s.c.ThreadPoolTaskScheduler          : Initializing ExecutorService 'taskScheduler'
2020-12-22 13:04:39.205  INFO 2604 --- [task-1] o.hibernate.jpa.internal.util.LogHelper  : HHH000204: Processing PersistenceUnitInfo [name: default]
2020-12-22 13:04:39.231  INFO 2604 --- [task-1] org.hibernate.dialect.Dialect            : HHH000400: Using dialect: org.hibernate.dialect.H2Dialect
2020-12-22 13:04:39.514  INFO 2604 --- [task-1] o.h.e.t.j.p.i.JtaPlatformInitiator       : HHH000490: Using JtaPlatform implementation: [org.hibernate.engine.transaction.jta.platform.internal.NoJtaPlatform]
2020-12-22 13:04:39.530  INFO 2604 --- [task-1] j.LocalContainerEntityManagerFactoryBean : Initialized JPA EntityManagerFactory for persistence unit 'default'
2020-12-22 13:04:39.552  WARN 2604 --- [restartedMain] JpaBaseConfiguration$JpaWebConfiguration : spring.jpa.open-in-view is enabled by default. Therefore, database queries may be performed during view rendering. Explicitly configure spring.jpa.open-in-view to disable this warning
2020-12-22 13:04:39.841  INFO 2604 --- [restartedMain] o.s.b.a.e.web.EndpointLinksResolver      : Exposing 14 endpoint(s) beneath base path '/actuator'
2020-12-22 13:04:40.006  INFO 2604 --- [restartedMain] o.s.b.d.a.OptionalLiveReloadServer       : LiveReload server is running on port 35729
2020-12-22 13:04:40.215  INFO 2604 --- [restartedMain] o.s.b.w.embedded.tomcat.TomcatWebServer  : Tomcat started on port(s): 8080 (http) with context path ''
2020-12-22 13:04:40.554  INFO 2604 --- [restartedMain] DeferredRepositoryInitializationListener : Triggering deferred initialization of Spring Data repositories…
2020-12-22 13:04:40.732  INFO 2604 --- [restartedMain] DeferredRepositoryInitializationListener : Spring Data repositories initialized!
2020-12-22 13:04:40.743  INFO 2604 --- [restartedMain] c.l.libraryapi.LibraryApiApplication     : Started LibraryApiApplication in 3.03 seconds (JVM running for 28.794)
2020-12-22 13:04:40.748  INFO 2604 --- [restartedMain] .ConditionEvaluationDeltaLoggingListener : Condition evaluation unchanged
2020-12-22 13:04:46.986  INFO 2775 --- [restartedMain] c.l.libraryapi.LibraryApiApplication     : Starting LibraryApiApplication using Java 11.0.9 on TiagoAlmeida with PID 2775 (/mnt/d/2020/java/library-api/target/classes started by pc_tiago in /mnt/d/2020/java/library-api)
2020-12-22 13:04:46.991  INFO 2775 --- [restartedMain] c.l.libraryapi.LibraryApiApplication     : No active profile set, falling back to default profiles: default
2020-12-22 13:04:47.118  INFO 2775 --- [restartedMain] .e.DevToolsPropertyDefaultsPostProcessor : Devtools property defaults active! Set 'spring.devtools.add-properties' to 'false' to disable
2020-12-22 13:04:47.119  INFO 2775 --- [restartedMain] .e.DevToolsPropertyDefaultsPostProcessor : For additional web related logging consider setting the 'logging.level.web' property to 'DEBUG'
2020-12-22 13:04:50.051  INFO 2775 --- [restartedMain] .s.d.r.c.RepositoryConfigurationDelegate : Bootstrapping Spring Data JPA repositories in DEFERRED mode.
2020-12-22 13:04:50.174  INFO 2775 --- [restartedMain] .s.d.r.c.RepositoryConfigurationDelegate : Finished Spring Data repository scanning in 106 ms. Found 2 JPA repository interfaces.
2020-12-22 13:04:51.348  INFO 2775 --- [restartedMain] o.s.b.w.embedded.tomcat.TomcatWebServer  : Tomcat initialized with port(s): 8080 (http)
2020-12-22 13:04:51.367  INFO 2775 --- [restartedMain] o.apache.catalina.core.StandardService   : Starting service [Tomcat]
2020-12-22 13:04:51.367  INFO 2775 --- [restartedMain] org.apache.catalina.core.StandardEngine  : Starting Servlet engine: [Apache Tomcat/9.0.39]
2020-12-22 13:04:51.529  INFO 2775 --- [restartedMain] o.a.c.c.C.[Tomcat].[localhost].[/]       : Initializing Spring embedded WebApplicationContext
2020-12-22 13:04:51.530  INFO 2775 --- [restartedMain] w.s.c.ServletWebServerApplicationContext : Root WebApplicationContext: initialization completed in 4410 ms
2020-12-22 13:04:51.787  INFO 2775 --- [restartedMain] com.zaxxer.hikari.HikariDataSource       : HikariPool-1 - Starting...
2020-12-22 13:04:52.168  INFO 2775 --- [restartedMain] com.zaxxer.hikari.HikariDataSource       : HikariPool-1 - Start completed.
2020-12-22 13:04:52.179  INFO 2775 --- [restartedMain] o.s.b.a.h2.H2ConsoleAutoConfiguration    : H2 console available at '/h2-console'. Database available at 'jdbc:h2:mem:fdd58f34-7d48-4845-b23a-6e6d19f1ef48'
2020-12-22 13:04:52.496  INFO 2775 --- [restartedMain] o.s.s.concurrent.ThreadPoolTaskExecutor  : Initializing ExecutorService 'applicationTaskExecutor'
2020-12-22 13:04:52.521  INFO 2775 --- [restartedMain] o.s.s.c.ThreadPoolTaskScheduler          : Initializing ExecutorService 'taskScheduler'
2020-12-22 13:04:52.637  INFO 2775 --- [task-1] o.hibernate.jpa.internal.util.LogHelper  : HHH000204: Processing PersistenceUnitInfo [name: default]
2020-12-22 13:04:52.774  INFO 2775 --- [task-1] org.hibernate.Version                    : HHH000412: Hibernate ORM core version 5.4.23.Final
2020-12-22 13:04:53.118  INFO 2775 --- [task-1] o.hibernate.annotations.common.Version   : HCANN000001: Hibernate Commons Annotations {5.1.2.Final}
2020-12-22 13:04:53.467  WARN 2775 --- [restartedMain] JpaBaseConfiguration$JpaWebConfiguration : spring.jpa.open-in-view is enabled by default. Therefore, database queries may be performed during view rendering. Explicitly configure spring.jpa.open-in-view to disable this warning
2020-12-22 13:04:53.475  INFO 2775 --- [task-1] org.hibernate.dialect.Dialect            : HHH000400: Using dialect: org.hibernate.dialect.H2Dialect
2020-12-22 13:04:54.056  INFO 2775 --- [restartedMain] o.s.b.a.e.web.EndpointLinksResolver      : Exposing 14 endpoint(s) beneath base path '/actuator'
2020-12-22 13:04:54.658  INFO 2775 --- [restartedMain] o.s.b.d.a.OptionalLiveReloadServer       : LiveReload server is running on port 35729
2020-12-22 13:04:55.364  INFO 2775 --- [task-1] o.h.e.t.j.p.i.JtaPlatformInitiator       : HHH000490: Using JtaPlatform implementation: [org.hibernate.engine.transaction.jta.platform.internal.NoJtaPlatform]
2020-12-22 13:04:55.381  INFO 2775 --- [task-1] j.LocalContainerEntityManagerFactoryBean : Initialized JPA EntityManagerFactory for persistence unit 'default'
2020-12-22 13:04:55.440  INFO 2775 --- [restartedMain] o.s.b.w.embedded.tomcat.TomcatWebServer  : Tomcat started on port(s): 8080 (http) with context path ''
2020-12-22 13:04:56.062  INFO 2775 --- [restartedMain] DeferredRepositoryInitializationListener : Triggering deferred initialization of Spring Data repositories…
2020-12-22 13:04:56.809  INFO 2775 --- [restartedMain] DeferredRepositoryInitializationListener : Spring Data repositories initialized!
2020-12-22 13:04:56.837  INFO 2775 --- [restartedMain] c.l.libraryapi.LibraryApiApplication     : Started LibraryApiApplication in 10.659 seconds (JVM running for 11.777)
2020-12-22 13:05:21.377  INFO 2775 --- [http-nio-8080-exec-1] o.a.c.c.C.[Tomcat].[localhost].[/]       : Initializing Spring DispatcherServlet 'dispatcherServlet'
2020-12-22 13:05:21.377  INFO 2775 --- [http-nio-8080-exec-1] o.s.web.servlet.DispatcherServlet        : Initializing Servlet 'dispatcherServlet'
2020-12-22 13:05:21.382  INFO 2775 --- [http-nio-8080-exec-1] o.s.web.servlet.DispatcherServlet        : Completed initialization in 4 ms
2020-12-22 13:05:45.109  INFO 2955 --- [restartedMain] c.l.libraryapi.LibraryApiApplication     : Starting LibraryApiApplication using Java 11.0.9 on TiagoAlmeida with PID 2955 (/mnt/d/2020/java/library-api/target/classes started by pc_tiago in /mnt/d/2020/java/library-api)
2020-12-22 13:05:45.113  INFO 2955 --- [restartedMain] c.l.libraryapi.LibraryApiApplication     : No active profile set, falling back to default profiles: default
2020-12-22 13:05:45.212  INFO 2955 --- [restartedMain] .e.DevToolsPropertyDefaultsPostProcessor : Devtools property defaults active! Set 'spring.devtools.add-properties' to 'false' to disable
2020-12-22 13:05:45.212  INFO 2955 --- [restartedMain] .e.DevToolsPropertyDefaultsPostProcessor : For additional web related logging consider setting the 'logging.level.web' property to 'DEBUG'
2020-12-22 13:05:47.970  INFO 2955 --- [restartedMain] .s.d.r.c.RepositoryConfigurationDelegate : Bootstrapping Spring Data JPA repositories in DEFERRED mode.
2020-12-22 13:05:48.106  INFO 2955 --- [restartedMain] .s.d.r.c.RepositoryConfigurationDelegate : Finished Spring Data repository scanning in 118 ms. Found 2 JPA repository interfaces.
2020-12-22 13:05:49.446  INFO 2955 --- [restartedMain] o.s.b.w.embedded.tomcat.TomcatWebServer  : Tomcat initialized with port(s): 8080 (http)
2020-12-22 13:05:49.465  INFO 2955 --- [restartedMain] o.apache.catalina.core.StandardService   : Starting service [Tomcat]
2020-12-22 13:05:49.465  INFO 2955 --- [restartedMain] org.apache.catalina.core.StandardEngine  : Starting Servlet engine: [Apache Tomcat/9.0.39]
2020-12-22 13:05:49.665  INFO 2955 --- [restartedMain] o.a.c.c.C.[Tomcat].[localhost].[/]       : Initializing Spring embedded WebApplicationContext
2020-12-22 13:05:49.665  INFO 2955 --- [restartedMain] w.s.c.ServletWebServerApplicationContext : Root WebApplicationContext: initialization completed in 4452 ms
2020-12-22 13:05:49.954  INFO 2955 --- [restartedMain] com.zaxxer.hikari.HikariDataSource       : HikariPool-1 - Starting...
2020-12-22 13:05:50.346  INFO 2955 --- [restartedMain] com.zaxxer.hikari.HikariDataSource       : HikariPool-1 - Start completed.
2020-12-22 13:05:50.365  INFO 2955 --- [restartedMain] o.s.b.a.h2.H2ConsoleAutoConfiguration    : H2 console available at '/h2-console'. Database available at 'jdbc:h2:mem:08664957-2f54-4218-b7d5-cbb4562ae9b1'
2020-12-22 13:05:50.654  INFO 2955 --- [restartedMain] o.s.s.concurrent.ThreadPoolTaskExecutor  : Initializing ExecutorService 'applicationTaskExecutor'
2020-12-22 13:05:50.678  INFO 2955 --- [restartedMain] o.s.s.c.ThreadPoolTaskScheduler          : Initializing ExecutorService 'taskScheduler'
2020-12-22 13:05:50.787  INFO 2955 --- [task-1] o.hibernate.jpa.internal.util.LogHelper  : HHH000204: Processing PersistenceUnitInfo [name: default]
2020-12-22 13:05:50.902  INFO 2955 --- [task-1] org.hibernate.Version                    : HHH000412: Hibernate ORM core version 5.4.23.Final
2020-12-22 13:05:51.196  INFO 2955 --- [task-1] o.hibernate.annotations.common.Version   : HCANN000001: Hibernate Commons Annotations {5.1.2.Final}
2020-12-22 13:05:51.576  INFO 2955 --- [task-1] org.hibernate.dialect.Dialect            : HHH000400: Using dialect: org.hibernate.dialect.H2Dialect
2020-12-22 13:05:51.644  WARN 2955 --- [restartedMain] JpaBaseConfiguration$JpaWebConfiguration : spring.jpa.open-in-view is enabled by default. Therefore, database queries may be performed during view rendering. Explicitly configure spring.jpa.open-in-view to disable this warning
2020-12-22 13:05:52.262  INFO 2955 --- [restartedMain] o.s.b.a.e.web.EndpointLinksResolver      : Exposing 14 endpoint(s) beneath base path '/actuator'
2020-12-22 13:05:52.728  INFO 2955 --- [restartedMain] o.s.b.d.a.OptionalLiveReloadServer       : LiveReload server is running on port 35729
2020-12-22 13:05:53.580  INFO 2955 --- [task-1] o.h.e.t.j.p.i.JtaPlatformInitiator       : HHH000490: Using JtaPlatform implementation: [org.hibernate.engine.transaction.jta.platform.internal.NoJtaPlatform]
2020-12-22 13:05:53.604  INFO 2955 --- [task-1] j.LocalContainerEntityManagerFactoryBean : Initialized JPA EntityManagerFactory for persistence unit 'default'
2020-12-22 13:05:53.680  INFO 2955 --- [restartedMain] o.s.b.w.embedded.tomcat.TomcatWebServer  : Tomcat started on port(s): 8080 (http) with context path ''
2020-12-22 13:05:54.495  INFO 2955 --- [restartedMain] DeferredRepositoryInitializationListener : Triggering deferred initialization of Spring Data repositories…
2020-12-22 13:05:55.265  INFO 2955 --- [restartedMain] DeferredRepositoryInitializationListener : Spring Data repositories initialized!
2020-12-22 13:05:55.294  INFO 2955 --- [restartedMain] c.l.libraryapi.LibraryApiApplication     : Started LibraryApiApplication in 10.868 seconds (JVM running for 11.746)
2020-12-22 13:06:06.066  INFO 2955 --- [http-nio-8080-exec-1] o.a.c.c.C.[Tomcat].[localhost].[/]       : Initializing Spring DispatcherServlet 'dispatcherServlet'
2020-12-22 13:06:06.067  INFO 2955 --- [http-nio-8080-exec-1] o.s.web.servlet.DispatcherServlet        : Initializing Servlet 'dispatcherServlet'
2020-12-22 13:06:06.072  INFO 2955 --- [http-nio-8080-exec-1] o.s.web.servlet.DispatcherServlet        : Completed initialization in 4 ms
2020-12-22 13:06:22.008  INFO 2955 --- [Thread-4] j.LocalContainerEntityManagerFactoryBean : Closing JPA EntityManagerFactory for persistence unit 'default'
2020-12-22 13:06:22.010  INFO 2955 --- [Thread-4] .SchemaDropperImpl$DelayedDropActionImpl : HHH000477: Starting delayed evictData of schema as part of SessionFactory shut-down'
2020-12-22 13:06:22.075  INFO 2955 --- [Thread-4] o.s.s.c.ThreadPoolTaskScheduler          : Shutting down ExecutorService 'taskScheduler'
2020-12-22 13:06:22.076  INFO 2955 --- [Thread-4] o.s.s.concurrent.ThreadPoolTaskExecutor  : Shutting down ExecutorService 'applicationTaskExecutor'
2020-12-22 13:06:25.809  INFO 3101 --- [restartedMain] c.l.libraryapi.LibraryApiApplication     : Starting LibraryApiApplication using Java 11.0.9 on TiagoAlmeida with PID 3101 (/mnt/d/2020/java/library-api/target/classes started by pc_tiago in /mnt/d/2020/java/library-api)
2020-12-22 13:06:25.814  INFO 3101 --- [restartedMain] c.l.libraryapi.LibraryApiApplication     : No active profile set, falling back to default profiles: default
2020-12-22 13:06:25.953  INFO 3101 --- [restartedMain] .e.DevToolsPropertyDefaultsPostProcessor : Devtools property defaults active! Set 'spring.devtools.add-properties' to 'false' to disable
2020-12-22 13:06:25.954  INFO 3101 --- [restartedMain] .e.DevToolsPropertyDefaultsPostProcessor : For additional web related logging consider setting the 'logging.level.web' property to 'DEBUG'
2020-12-22 13:06:28.667  INFO 3101 --- [restartedMain] .s.d.r.c.RepositoryConfigurationDelegate : Bootstrapping Spring Data JPA repositories in DEFERRED mode.
2020-12-22 13:06:28.784  INFO 3101 --- [restartedMain] .s.d.r.c.RepositoryConfigurationDelegate : Finished Spring Data repository scanning in 99 ms. Found 2 JPA repository interfaces.
2020-12-22 13:06:29.861  INFO 3101 --- [restartedMain] o.s.b.w.embedded.tomcat.TomcatWebServer  : Tomcat initialized with port(s): 8080 (http)
2020-12-22 13:06:29.882  INFO 3101 --- [restartedMain] o.apache.catalina.core.StandardService   : Starting service [Tomcat]
2020-12-22 13:06:29.882  INFO 3101 --- [restartedMain] org.apache.catalina.core.StandardEngine  : Starting Servlet engine: [Apache Tomcat/9.0.39]
2020-12-22 13:06:30.035  INFO 3101 --- [restartedMain] o.a.c.c.C.[Tomcat].[localhost].[/]       : Initializing Spring embedded WebApplicationContext
2020-12-22 13:06:30.036  INFO 3101 --- [restartedMain] w.s.c.ServletWebServerApplicationContext : Root WebApplicationContext: initialization completed in 4081 ms
2020-12-22 13:06:30.313  INFO 3101 --- [restartedMain] com.zaxxer.hikari.HikariDataSource       : HikariPool-1 - Starting...
2020-12-22 13:06:30.759  INFO 3101 --- [restartedMain] com.zaxxer.hikari.HikariDataSource       : HikariPool-1 - Start completed.
2020-12-22 13:06:30.773  INFO 3101 --- [restartedMain] o.s.b.a.h2.H2ConsoleAutoConfiguration    : H2 console available at '/h2-console'. Database available at 'jdbc:h2:mem:02cba38a-c5c4-4241-940b-66b3017a3705'
2020-12-22 13:06:31.011  INFO 3101 --- [restartedMain] o.s.s.concurrent.ThreadPoolTaskExecutor  : Initializing ExecutorService 'applicationTaskExecutor'
2020-12-22 13:06:31.036  INFO 3101 --- [restartedMain] o.s.s.c.ThreadPoolTaskScheduler          : Initializing ExecutorService 'taskScheduler'
2020-12-22 13:06:31.127  INFO 3101 --- [task-1] o.hibernate.jpa.internal.util.LogHelper  : HHH000204: Processing PersistenceUnitInfo [name: default]
2020-12-22 13:06:31.225  INFO 3101 --- [task-1] org.hibernate.Version                    : HHH000412: Hibernate ORM core version 5.4.23.Final
2020-12-22 13:06:31.487  INFO 3101 --- [task-1] o.hibernate.annotations.common.Version   : HCANN000001: Hibernate Commons Annotations {5.1.2.Final}
2020-12-22 13:06:31.755  INFO 3101 --- [task-1] org.hibernate.dialect.Dialect            : HHH000400: Using dialect: org.hibernate.dialect.H2Dialect
2020-12-22 13:06:31.809  WARN 3101 --- [restartedMain] JpaBaseConfiguration$JpaWebConfiguration : spring.jpa.open-in-view is enabled by default. Therefore, database queries may be performed during view rendering. Explicitly configure spring.jpa.open-in-view to disable this warning
2020-12-22 13:06:32.273  INFO 3101 --- [restartedMain] o.s.b.a.e.web.EndpointLinksResolver      : Exposing 14 endpoint(s) beneath base path '/actuator'
2020-12-22 13:06:32.646  INFO 3101 --- [restartedMain] o.s.b.d.a.OptionalLiveReloadServer       : LiveReload server is running on port 35729
2020-12-22 13:06:33.384  INFO 3101 --- [task-1] o.h.e.t.j.p.i.JtaPlatformInitiator       : HHH000490: Using JtaPlatform implementation: [org.hibernate.engine.transaction.jta.platform.internal.NoJtaPlatform]
2020-12-22 13:06:33.401  INFO 3101 --- [task-1] j.LocalContainerEntityManagerFactoryBean : Initialized JPA EntityManagerFactory for persistence unit 'default'
2020-12-22 13:06:33.465  INFO 3101 --- [restartedMain] o.s.b.w.embedded.tomcat.TomcatWebServer  : Tomcat started on port(s): 8080 (http) with context path ''
2020-12-22 13:07:11.461  INFO 3332 --- [restartedMain] c.l.libraryapi.LibraryApiApplication     : Starting LibraryApiApplication using Java 11.0.9 on TiagoAlmeida with PID 3332 (/mnt/d/2020/java/library-api/target/classes started by pc_tiago in /mnt/d/2020/java/library-api)
2020-12-22 13:07:11.466  INFO 3332 --- [restartedMain] c.l.libraryapi.LibraryApiApplication     : No active profile set, falling back to default profiles: default
2020-12-22 13:07:11.564  INFO 3332 --- [restartedMain] .e.DevToolsPropertyDefaultsPostProcessor : Devtools property defaults active! Set 'spring.devtools.add-properties' to 'false' to disable
2020-12-22 13:07:11.564  INFO 3332 --- [restartedMain] .e.DevToolsPropertyDefaultsPostProcessor : For additional web related logging consider setting the 'logging.level.web' property to 'DEBUG'
2020-12-22 13:07:14.300  INFO 3332 --- [restartedMain] .s.d.r.c.RepositoryConfigurationDelegate : Bootstrapping Spring Data JPA repositories in DEFERRED mode.
2020-12-22 13:07:14.398  INFO 3332 --- [restartedMain] .s.d.r.c.RepositoryConfigurationDelegate : Finished Spring Data repository scanning in 85 ms. Found 2 JPA repository interfaces.
2020-12-22 13:07:15.521  INFO 3332 --- [restartedMain] o.s.b.w.embedded.tomcat.TomcatWebServer  : Tomcat initialized with port(s): 8080 (http)
2020-12-22 13:07:15.536  INFO 3332 --- [restartedMain] o.apache.catalina.core.StandardService   : Starting service [Tomcat]
2020-12-22 13:07:15.537  INFO 3332 --- [restartedMain] org.apache.catalina.core.StandardEngine  : Starting Servlet engine: [Apache Tomcat/9.0.39]
2020-12-22 13:07:15.699  INFO 3332 --- [restartedMain] o.a.c.c.C.[Tomcat].[localhost].[/]       : Initializing Spring embedded WebApplicationContext
2020-12-22 13:07:15.700  INFO 3332 --- [restartedMain] w.s.c.ServletWebServerApplicationContext : Root WebApplicationContext: initialization completed in 4135 ms
2020-12-22 13:07:15.947  INFO 3332 --- [restartedMain] com.zaxxer.hikari.HikariDataSource       : HikariPool-1 - Starting...
2020-12-22 13:07:16.295  INFO 3332 --- [restartedMain] com.zaxxer.hikari.HikariDataSource       : HikariPool-1 - Start completed.
2020-12-22 13:07:16.308  INFO 3332 --- [restartedMain] o.s.b.a.h2.H2ConsoleAutoConfiguration    : H2 console available at '/h2-console'. Database available at 'jdbc:h2:mem:94e9fad6-3c5c-4f36-aa92-d7ee8ec924cb'
2020-12-22 13:07:16.619  INFO 3332 --- [restartedMain] o.s.s.concurrent.ThreadPoolTaskExecutor  : Initializing ExecutorService 'applicationTaskExecutor'
2020-12-22 13:07:16.642  INFO 3332 --- [restartedMain] o.s.s.c.ThreadPoolTaskScheduler          : Initializing ExecutorService 'taskScheduler'
2020-12-22 13:07:16.743  INFO 3332 --- [task-1] o.hibernate.jpa.internal.util.LogHelper  : HHH000204: Processing PersistenceUnitInfo [name: default]
2020-12-22 13:07:16.846  INFO 3332 --- [task-1] org.hibernate.Version                    : HHH000412: Hibernate ORM core version 5.4.23.Final
2020-12-22 13:07:17.234  INFO 3332 --- [task-1] o.hibernate.annotations.common.Version   : HCANN000001: Hibernate Commons Annotations {5.1.2.Final}
2020-12-22 13:07:17.568  WARN 3332 --- [restartedMain] JpaBaseConfiguration$JpaWebConfiguration : spring.jpa.open-in-view is enabled by default. Therefore, database queries may be performed during view rendering. Explicitly configure spring.jpa.open-in-view to disable this warning
2020-12-22 13:07:17.583  INFO 3332 --- [task-1] org.hibernate.dialect.Dialect            : HHH000400: Using dialect: org.hibernate.dialect.H2Dialect
2020-12-22 13:07:18.041  INFO 3332 --- [restartedMain] o.s.b.a.e.web.EndpointLinksResolver      : Exposing 14 endpoint(s) beneath base path '/actuator'
2020-12-22 13:07:18.346  INFO 3332 --- [restartedMain] o.s.b.d.a.OptionalLiveReloadServer       : LiveReload server is running on port 35729
2020-12-22 13:07:19.154  INFO 3332 --- [task-1] o.h.e.t.j.p.i.JtaPlatformInitiator       : HHH000490: Using JtaPlatform implementation: [org.hibernate.engine.transaction.jta.platform.internal.NoJtaPlatform]
2020-12-22 13:07:19.170  INFO 3332 --- [task-1] j.LocalContainerEntityManagerFactoryBean : Initialized JPA EntityManagerFactory for persistence unit 'default'
2020-12-22 13:07:19.222  INFO 3332 --- [restartedMain] o.s.b.w.embedded.tomcat.TomcatWebServer  : Tomcat started on port(s): 8080 (http) with context path ''
2020-12-22 13:07:19.872  INFO 3332 --- [restartedMain] DeferredRepositoryInitializationListener : Triggering deferred initialization of Spring Data repositories…
2020-12-22 13:07:20.606  INFO 3332 --- [restartedMain] DeferredRepositoryInitializationListener : Spring Data repositories initialized!
2020-12-22 13:07:20.633  INFO 3332 --- [restartedMain] c.l.libraryapi.LibraryApiApplication     : Started LibraryApiApplication in 9.849 seconds (JVM running for 10.781)
2020-12-22 13:07:55.842  INFO 3332 --- [http-nio-8080-exec-1] o.a.c.c.C.[Tomcat].[localhost].[/]       : Initializing Spring DispatcherServlet 'dispatcherServlet'
2020-12-22 13:07:55.844  INFO 3332 --- [http-nio-8080-exec-1] o.s.web.servlet.DispatcherServlet        : Initializing Servlet 'dispatcherServlet'
2020-12-22 13:07:55.848  INFO 3332 --- [http-nio-8080-exec-1] o.s.web.servlet.DispatcherServlet        : Completed initialization in 3 ms
2020-12-22 13:08:59.706  INFO 3332 --- [http-nio-8080-exec-10] c.l.libraryapi.resource.BookController   : Deleting book of isbn : 1 
2020-12-22 13:08:59.782  WARN 3332 --- [http-nio-8080-exec-10] .m.m.a.ExceptionHandlerExceptionResolver : Resolved [org.springframework.web.server.ResponseStatusException: 404 NOT_FOUND]
2020-12-22 13:09:51.266  INFO 3332 --- [http-nio-8080-exec-6] c.l.libraryapi.resource.BookController   : Creating a book for isbn : string 
2020-12-22 13:10:34.019  INFO 3332 --- [http-nio-8080-exec-8] c.l.libraryapi.resource.BookController   : Deleting book of isbn : 1 
